<?xml version="1.0" encoding="UTF-8"?>
<!-- Generated by org.testng.reporters.JUnitReportReporter -->
<testsuite hostname="L001356" failures="0" tests="2" name="TestNG_Package.GoogleTest_testNG" time="18.817" errors="0" timestamp="2020-04-28T22:50:33 EDT" skipped="0">
  <testcase classname="TestNG_Package.GoogleTest_testNG" name="link3" time="8.998"/>
  <system-out/>
  <testcase classname="TestNG_Package.GoogleTest_testNG" name="launch" time="9.819"/>
  <system-out/>
</testsuite> <!-- TestNG_Package.GoogleTest_testNG -->
