<?xml version="1.0" encoding="UTF-8"?>
<!-- Generated by org.testng.reporters.JUnitReportReporter -->
<testsuite hostname="L001356" failures="0" tests="1" name="testpackage.testng1" time="0.089" errors="0" timestamp="2020-03-23T18:14:32 EDT" skipped="0">
  <testcase classname="testpackage.testng1" name="verifyHomepageTitle" time="0.089"/>
  <system-out/>
</testsuite> <!-- testpackage.testng1 -->
