<?xml version="1.0" encoding="UTF-8"?>
<!-- Generated by org.testng.reporters.JUnitReportReporter -->
<testsuite hostname="L001356" failures="0" tests="3" name="TestNG_Package.TestNG_Basics" time="0.022" errors="0" timestamp="2020-04-28T14:38:23 EDT" skipped="0">
  <testcase classname="TestNG_Package.TestNG_Basics" name="googletittletext" time="0.011"/>
  <system-out/>
  <testcase classname="TestNG_Package.TestNG_Basics" name="testcase3" time="0.004"/>
  <system-out/>
  <testcase classname="TestNG_Package.TestNG_Basics" name="testcase2" time="0.007"/>
  <system-out/>
</testsuite> <!-- TestNG_Package.TestNG_Basics -->
