<?xml version="1.0" encoding="UTF-8"?>
<!-- Generated by org.testng.reporters.JUnitReportReporter -->
<testsuite hostname="L001356" failures="0" tests="7" name="TestNG_Package.Features" time="62.833" errors="0" timestamp="2020-05-04T23:43:03 EDT" skipped="0">
  <testcase classname="TestNG_Package.Features" name="link3" time="8.561"/>
  <system-out/>
  <testcase classname="TestNG_Package.Features" name="link4" time="7.623"/>
  <system-out/>
  <testcase classname="TestNG_Package.Features" name="link4" time="15.851"/>
  <system-out/>
  <testcase classname="TestNG_Package.Features" name="link4" time="7.596"/>
  <system-out/>
  <testcase classname="TestNG_Package.Features" name="link4" time="6.609"/>
  <system-out/>
  <testcase classname="TestNG_Package.Features" name="link4" time="10.324"/>
  <system-out/>
  <testcase classname="TestNG_Package.Features" name="launch" time="6.269"/>
  <system-out/>
</testsuite> <!-- TestNG_Package.Features -->
